[debug] [2021-04-24T12:56:08.611Z] ----------------------------------------------------------------------
[debug] [2021-04-24T12:56:08.614Z] Command:       D:\Node\node.exe C:\Users\paoma\AppData\Roaming\npm\node_modules\firebase-tools\lib\bin\firebase.js init
[debug] [2021-04-24T12:56:08.614Z] CLI Version:   9.10.0
[debug] [2021-04-24T12:56:08.614Z] Platform:      win32
[debug] [2021-04-24T12:56:08.614Z] Node Version:  v14.16.0
[debug] [2021-04-24T12:56:08.615Z] Time:          Sat Apr 24 2021 19:56:08 GMT+0700 (Indochina Time)
[debug] [2021-04-24T12:56:08.615Z] ----------------------------------------------------------------------
[debug] 
[debug] [2021-04-24T12:56:08.622Z] > command requires scopes: ["email","openid","https://www.googleapis.com/auth/cloudplatformprojects.readonly","https://www.googleapis.com/auth/firebase","https://www.googleapis.com/auth/cloud-platform"]
[debug] [2021-04-24T12:56:08.622Z] > authorizing via signed-in user (paoman12.emo@gmail.com)
[info] 
     ######## #### ########  ######## ########     ###     ######  ########
     ##        ##  ##     ## ##       ##     ##  ##   ##  ##       ##
     ######    ##  ########  ######   ########  #########  ######  ######
     ##        ##  ##    ##  ##       ##     ## ##     ##       ## ##
     ##       #### ##     ## ######## ########  ##     ##  ######  ########

You're about to initialize a Firebase project in this directory:

  D:\Web developer\Project\Crypto bot project\Server

[info] 
=== Project Setup
[info] 
[info] First, let's associate this project directory with a Firebase project.
[info] You can create multiple project aliases by running firebase use --add, 
[info] but for now we'll just set up a default project.
[info] 
[debug] [2021-04-24T12:56:54.624Z] >>> [apiv2][query] GET https://firebase.googleapis.com/v1beta1/projects pageSize=100
[debug] [2021-04-24T12:56:55.157Z] <<< [apiv2][status] GET https://firebase.googleapis.com/v1beta1/projects 200
[debug] [2021-04-24T12:56:55.157Z] <<< [apiv2][body] GET https://firebase.googleapis.com/v1beta1/projects [omitted]
[info] i  Using project cryptoman-62c4b (CryptoMan) 
[info] 
=== Hosting Setup
[info] 
[info] Your public directory is the folder (relative to your project directory) that
[info] will contain Hosting assets to be uploaded with firebase deploy. If you
[info] have a build process for your assets, use your build's output directory.
[info] 
[info] +  Wrote public/404.html 
[debug] [2021-04-24T12:57:39.582Z] >>> [apiv2][query] GET https://www.gstatic.com/firebasejs/releases.json [none]
[debug] [2021-04-24T12:57:39.757Z] <<< [apiv2][status] GET https://www.gstatic.com/firebasejs/releases.json 200
[debug] [2021-04-24T12:57:39.757Z] <<< [apiv2][body] GET https://www.gstatic.com/firebasejs/releases.json {"current":{"version":"8.4.2","browserURL":"https://www.gstatic.com/firebasejs/8.4.2/firebase.js","packageURL":"https://www.gstatic.com/firebasejs/8.4.2/firebase.tgz"},"live":{"version":"8.4","browserURL":"https://www.gstatic.com/firebasejs/live/8.4/firebase.js","packageURL":"https://www.gstatic.com/firebasejs/live/8.4/firebase.tgz"},"components":{"analytics":"https://www.gstatic.com/firebasejs/8.4.2/firebase-analytics.js","app":"https://www.gstatic.com/firebasejs/8.4.2/firebase-app.js","auth":"https://www.gstatic.com/firebasejs/8.4.2/firebase-auth.js","database":"https://www.gstatic.com/firebasejs/8.4.2/firebase-database.js","firestore":"https://www.gstatic.com/firebasejs/8.4.2/firebase-firestore.js","functions":"https://www.gstatic.com/firebasejs/8.4.2/firebase-functions.js","installations":"https://www.gstatic.com/firebasejs/8.4.2/firebase-installations.js","messaging":"https://www.gstatic.com/firebasejs/8.4.2/firebase-messaging.js","storage":"https://www.gstatic.com/firebasejs/8.4.2/firebase-storage.js","performance":"https://www.gstatic.com/firebasejs/8.4.2/firebase-performance.js","remote-config":"https://www.gstatic.com/firebasejs/8.4.2/firebase-remote-config.js","firestore.memory":"https://www.gstatic.com/firebasejs/8.4.2/firebase-firestore.memory.js"}}
[info] +  Wrote public/index.html 
[info] 
[info] i  Detected a .git folder at D:\Web developer\Project\Crypto bot project\Server 
[info] i  Authorizing with GitHub to upload your service account to a GitHub repository's secrets store. 
[info] 
[info] Visit this URL on this device to log in:
[info] https://github.com/login/oauth/authorize?client_id=89cf50f02ac6aaed3484&state=902074782&redirect_uri=http%3A%2F%2Flocalhost%3A9005&scope=read%3Auser%20repo%20public_repo
[info] 
[info] Waiting for authentication...
[debug] [2021-04-24T12:57:59.922Z] >>> HTTP REQUEST POST https://github.com/login/oauth/access_token  
 {"client_id":"89cf50f02ac6aaed3484","client_secret":"3330d14abc895d9a74d5f17cd7a00711fa2c5bf0","code":"e51538272f42cff2577c","redirect_uri":"http://localhost:9005","state":"902074782"}
[debug] [2021-04-24T12:58:00.648Z] <<< HTTP RESPONSE 200 {"server":"GitHub.com","date":"Sat, 24 Apr 2021 12:58:00 GMT","content-type":"application/json; charset=utf-8","transfer-encoding":"chunked","vary":"X-PJAX, Accept-Encoding, Accept, X-Requested-With","permissions-policy":"interest-cohort=()","etag":"W/\"b62fb72f42673e72e43dfeb000a69ed7\"","cache-control":"max-age=0, private, must-revalidate","strict-transport-security":"max-age=31536000; includeSubdomains; preload","x-frame-options":"deny","x-content-type-options":"nosniff","x-xss-protection":"0","referrer-policy":"origin-when-cross-origin, strict-origin-when-cross-origin","expect-ct":"max-age=2592000, report-uri=\"https://api.github.com/_private/browser/errors\"","content-security-policy":"default-src 'none'; base-uri 'self'; block-all-mixed-content; connect-src 'self' uploads.github.com www.githubstatus.com collector.githubapp.com api.github.com github-cloud.s3.amazonaws.com github-production-repository-file-5c1aeb.s3.amazonaws.com github-production-upload-manifest-file-7fdce7.s3.amazonaws.com github-production-user-asset-6210df.s3.amazonaws.com cdn.optimizely.com logx.optimizely.com/v1/events wss://alive.github.com; font-src github.githubassets.com; form-action 'self' github.com gist.github.com; frame-ancestors 'none'; frame-src render.githubusercontent.com; img-src 'self' data: github.githubassets.com identicons.github.com collector.githubapp.com github-cloud.s3.amazonaws.com secured-user-images.githubusercontent.com/ *.githubusercontent.com; manifest-src 'self'; media-src 'none'; script-src github.githubassets.com; style-src 'unsafe-inline' github.githubassets.com; worker-src github.com/socket-worker-3f088aa2.js gist.github.com/socket-worker-3f088aa2.js","x-github-request-id":"6CA9:230F:B196F7:C3C892:608415D8"}
[debug] [2021-04-24T12:58:00.658Z] >>> [apiv2][query] GET https://api.github.com/user [none]
[debug] [2021-04-24T12:58:01.676Z] <<< [apiv2][status] GET https://api.github.com/user 200
[debug] [2021-04-24T12:58:01.676Z] <<< [apiv2][body] GET https://api.github.com/user {"login":"paoman12emo","id":79253663,"node_id":"MDQ6VXNlcjc5MjUzNjYz","avatar_url":"https://avatars.githubusercontent.com/u/79253663?v=4","gravatar_id":"","url":"https://api.github.com/users/paoman12emo","html_url":"https://github.com/paoman12emo","followers_url":"https://api.github.com/users/paoman12emo/followers","following_url":"https://api.github.com/users/paoman12emo/following{/other_user}","gists_url":"https://api.github.com/users/paoman12emo/gists{/gist_id}","starred_url":"https://api.github.com/users/paoman12emo/starred{/owner}{/repo}","subscriptions_url":"https://api.github.com/users/paoman12emo/subscriptions","organizations_url":"https://api.github.com/users/paoman12emo/orgs","repos_url":"https://api.github.com/users/paoman12emo/repos","events_url":"https://api.github.com/users/paoman12emo/events{/privacy}","received_events_url":"https://api.github.com/users/paoman12emo/received_events","type":"User","site_admin":false,"name":"Pao","company":null,"blog":"","location":null,"email":null,"hireable":null,"bio":null,"twitter_username":null,"public_repos":10,"public_gists":0,"followers":0,"following":0,"created_at":"2021-02-18T09:44:51Z","updated_at":"2021-04-24T12:57:57Z","private_gists":0,"total_private_repos":2,"owned_private_repos":2,"disk_usage":59735,"collaborators":0,"two_factor_authentication":false,"plan":{"name":"free","space":976562499,"collaborators":0,"private_repos":10000}}
[info] 
[info] +  Success! Logged into GitHub as paoman12emo 
[info] 
